<?xml version="1.0" encoding="UTF-8"?>
<!-- Generated by org.testng.reporters.JUnitReportReporter -->
<testsuite hostname="STAG-PC" name="genomicsTest.GenomicsLoginTest" tests="2" failures="0" timestamp="9 Dec 2016 06:08:34 GMT" time="61.456" errors="0">
  <testcase name="testGenomicsLogin" time="5.271" classname="genomicsTest.GenomicsLoginTest"/>
  <testcase name="testGenomicsHomePage" time="56.185" classname="genomicsTest.GenomicsLoginTest"/>
</testsuite> <!-- genomicsTest.GenomicsLoginTest -->
