<?xml version="1.0" encoding="UTF-8"?>
<!-- Generated by org.testng.reporters.JUnitReportReporter -->
<testsuite hostname="STAG-PC" name="genomicsTest.GenomicsTest3$GenomicsLoginTest" tests="2" failures="0" timestamp="13 Dec 2016 11:51:58 GMT" time="93.666" errors="0">
  <testcase name="testGenomicsHomePage" time="88.106" classname="genomicsTest.GenomicsTest3$GenomicsLoginTest"/>
  <testcase name="testGenomicsLogin" time="5.560" classname="genomicsTest.GenomicsTest3$GenomicsLoginTest"/>
</testsuite> <!-- genomicsTest.GenomicsTest3$GenomicsLoginTest -->
